2024-07-14 14:10:22 [31merror[39m: Error: User already subscribed
    at file:///C:/Users/PT%20WORLD/Desktop/car-rental/backend/src/controllers/pageCtrlr.js:66:13
    at process.processTicksAndRejections (node:internal/process/task_queues:95:5)
2024-07-14 16:41:52 [31merror[39m: Error: User already subscribed
    at file:///C:/Users/PT%20WORLD/Desktop/car-rental/backend/src/controllers/pageCtrlr.js:120:13
    at process.processTicksAndRejections (node:internal/process/task_queues:95:5)
2024-07-14 16:57:59 [31merror[39m: ValidationError: Booking validation failed: pickUpDate: Cast to date failed for value "2024&#x2F;07&#x2F;14" (type string) at path "pickUpDate", dropOffDate: Cast to date failed for value "2024&#x2F;07&#x2F;14" (type string) at path "dropOffDate"
    at Document.invalidate (C:\Users\PT WORLD\Desktop\car-rental\backend\node_modules\mongoose\lib\document.js:3306:32)
    at model.$set (C:\Users\PT WORLD\Desktop\car-rental\backend\node_modules\mongoose\lib\document.js:1463:12)
    at model.$set (C:\Users\PT WORLD\Desktop\car-rental\backend\node_modules\mongoose\lib\document.js:1117:16)
    at model.Document (C:\Users\PT WORLD\Desktop\car-rental\backend\node_modules\mongoose\lib\document.js:166:12)
    at model.Model (C:\Users\PT WORLD\Desktop\car-rental\backend\node_modules\mongoose\lib\model.js:132:12)
    at new model (C:\Users\PT WORLD\Desktop\car-rental\backend\node_modules\mongoose\lib\model.js:4882:15)
    at file:///C:/Users/PT%20WORLD/Desktop/car-rental/backend/src/controllers/pageCtrlr.js:43:24
    at file:///C:/Users/PT%20WORLD/Desktop/car-rental/backend/src/middlewares/asyncHandler.js:2:19
    at Layer.handle [as handle_request] (C:\Users\PT WORLD\Desktop\car-rental\backend\node_modules\express\lib\router\layer.js:95:5)
    at next (C:\Users\PT WORLD\Desktop\car-rental\backend\node_modules\express\lib\router\route.js:149:13)
2024-07-14 17:03:23 [31merror[39m: ReferenceError: Car is not defined
    at file:///C:/Users/PT%20WORLD/Desktop/car-rental/backend/src/controllers/pageCtrlr.js:43:17
    at file:///C:/Users/PT%20WORLD/Desktop/car-rental/backend/src/middlewares/asyncHandler.js:2:19
    at Layer.handle [as handle_request] (C:\Users\PT WORLD\Desktop\car-rental\backend\node_modules\express\lib\router\layer.js:95:5)
    at next (C:\Users\PT WORLD\Desktop\car-rental\backend\node_modules\express\lib\router\route.js:149:13)
    at Route.dispatch (C:\Users\PT WORLD\Desktop\car-rental\backend\node_modules\express\lib\router\route.js:119:3)
    at Layer.handle [as handle_request] (C:\Users\PT WORLD\Desktop\car-rental\backend\node_modules\express\lib\router\layer.js:95:5)
    at C:\Users\PT WORLD\Desktop\car-rental\backend\node_modules\express\lib\router\index.js:284:15
    at Function.process_params (C:\Users\PT WORLD\Desktop\car-rental\backend\node_modules\express\lib\router\index.js:346:12)
    at next (C:\Users\PT WORLD\Desktop\car-rental\backend\node_modules\express\lib\router\index.js:280:10)
    at Function.handle (C:\Users\PT WORLD\Desktop\car-rental\backend\node_modules\express\lib\router\index.js:175:3)
2024-07-14 17:12:11 [31merror[39m: ReferenceError: moment is not defined
    at file:///C:/Users/PT%20WORLD/Desktop/car-rental/backend/src/controllers/pageCtrlr.js:50:30
    at file:///C:/Users/PT%20WORLD/Desktop/car-rental/backend/src/middlewares/asyncHandler.js:2:19
    at Layer.handle [as handle_request] (C:\Users\PT WORLD\Desktop\car-rental\backend\node_modules\express\lib\router\layer.js:95:5)
    at next (C:\Users\PT WORLD\Desktop\car-rental\backend\node_modules\express\lib\router\route.js:149:13)
    at Route.dispatch (C:\Users\PT WORLD\Desktop\car-rental\backend\node_modules\express\lib\router\route.js:119:3)
    at Layer.handle [as handle_request] (C:\Users\PT WORLD\Desktop\car-rental\backend\node_modules\express\lib\router\layer.js:95:5)
    at C:\Users\PT WORLD\Desktop\car-rental\backend\node_modules\express\lib\router\index.js:284:15
    at Function.process_params (C:\Users\PT WORLD\Desktop\car-rental\backend\node_modules\express\lib\router\index.js:346:12)
    at next (C:\Users\PT WORLD\Desktop\car-rental\backend\node_modules\express\lib\router\index.js:280:10)
    at Function.handle (C:\Users\PT WORLD\Desktop\car-rental\backend\node_modules\express\lib\router\index.js:175:3)
